Change Component Designator: OldDesignator=* NewDesignator=*1
Change Component Designator: OldDesignator=C3 NewDesignator=C7
Change Component Designator: OldDesignator=C4 NewDesignator=C3
Change Component Designator: OldDesignator=C6 NewDesignator=C11
Change Component Designator: OldDesignator=C7 NewDesignator=C12
Change Component Designator: OldDesignator=C8 NewDesignator=C13
Change Component Designator: OldDesignator=C9 NewDesignator=C16
Change Component Designator: OldDesignator=C10 NewDesignator=C17
Change Component Designator: OldDesignator=C11 NewDesignator=C4
Change Component Designator: OldDesignator=C12 NewDesignator=C6
Change Component Designator: OldDesignator=C13 NewDesignator=C8
Change Component Designator: OldDesignator=C14 NewDesignator=C9
Change Component Designator: OldDesignator=C15 NewDesignator=C10
Change Component Designator: OldDesignator=C16 NewDesignator=C14
Change Component Designator: OldDesignator=C17 NewDesignator=C15
Change Component Designator: OldDesignator=J1 NewDesignator=J3
Change Component Designator: OldDesignator=J2 NewDesignator=J4
Change Component Designator: OldDesignator=R1 NewDesignator=R9
Change Component Designator: OldDesignator=R2 NewDesignator=R1
Change Component Designator: OldDesignator=R3 NewDesignator=R2
Change Component Designator: OldDesignator=R4 NewDesignator=R3
Change Component Designator: OldDesignator=R5 NewDesignator=R4
Change Component Designator: OldDesignator=R6 NewDesignator=R5
Change Component Designator: OldDesignator=R7 NewDesignator=R6
Change Component Designator: OldDesignator=R8 NewDesignator=R7
Change Component Designator: OldDesignator=R9 NewDesignator=R8
Change Component Designator: OldDesignator=U2 NewDesignator=U4
Change Component Designator: OldDesignator=U4 NewDesignator=U2
Change Component Designator: OldDesignator=U5 NewDesignator=U3
Change Component Description : Designator=C9 Old Description=WCAP-PSLP Aluminum Polymer Capacitors , 330 µF; + / - 20%; 6,3 V , 6,3 x 5,8 New Description=WCAP-PSLP Aluminum Polymer Capacitors , 330 µF; + / - 20%; 6,3 V , 6,3 x 5,8
Change Component Description : Designator=C10 Old Description=WCAP-PSLP Aluminum Polymer Capacitors , 330 µF; + / - 20%; 6,3 V , 6,3 x 5,8 New Description=WCAP-PSLP Aluminum Polymer Capacitors , 330 µF; + / - 20%; 6,3 V , 6,3 x 5,8
Change Net Name : Old Net Name=Net*_8 New Net Name=Net*1_8
Change Net Name : Old Net Name=NetC4_2 New Net Name=NetC3_2
Change Net Name : Old Net Name=NetC11_1 New Net Name=NetC4_1
Change Net Name : Old Net Name=NetC13_1 New Net Name=NetC8_1
Change Net Name : Old Net Name=NetC16_1 New Net Name=NetC14_1
Change Net Name : Old Net Name=NetR4_2 New Net Name=NetR3_2
Added Member To Class: ClassName=BMS_BoardHardware_V1 Member=Component J3 
Added Member To Class: ClassName=BMS_BoardHardware_V1 Member=Component J4 
Added Room: Name=BMS_BoardHardware_V1
